Exporter version: 2.93.4, Blender version: 3.0.0
========= Conversion from Blender to Babylon.js =========
	Scene settings used :
		Inline textures     :  false
		Material Type       :  PBR
		Positions Precision :  4
		Normals Precision   :  3
		UVs Precision       :  3
		Vert Color Precision:  3
		Mat Weight Precision:  2
		Keep Z-up r-handed  :  no
		Texture directory   :  D:\projects\canno-camera\assets\scene\
	Python World class constructor completed
	WARNING: No active camera has been assigned, or is not in a currently enabled collection
	processing begun of mesh:  canon
		processing begun of material:  CAM0001_Textures
			processing texture CAM0001_Textures_normal
				texture type:  bumpTexture, mapped using: "UVMap"
			processing texture CAM0001_Textures_baseColor
				texture type:  diffuseTexture, mapped using: "UVMap"
			processing texture CAM0001_Textures_metallicRoughness
				texture type:  metallicTexture, mapped using: "UVMap"
			processing texture CAM0001_Textures_metallicRoughness
				texture type:  value not meaningful 2, mapped using: "UVMap"
		Custom split normals with tangents being used
		num positions      :  20076
		num normals        :  20076
		num tangents       :  80304
		num uvs            :  40152
		num uvs2           :  0
		num colors         :  0
		num triangles      :  17984
	processing begun of mesh:  Plane
		processing begun of material:  Material.001
			processing texture ao512
				texture type:  diffuseTexture, mapped using: "UVMap"
		num positions      :  4
		num normals        :  4
		num tangents       :  0
		num uvs            :  8
		num uvs2           :  0
		num colors         :  0
		num triangles      :  2
	processing begun of light (HEMI FROM AREA):  Area
========= Writing of JSON file started =========
	writing mesh:  canon
	writing mesh:  Plane
========= Writing of JSON file completed =========
========= end of processing =========
elapsed time:  0 min, 2.6349 secs
